# JRE version: Java(TM) SE Runtime Environment (8.0_191-b12) (build 1.8.0_191-b12)
# Java VM: Java HotSpot(TM) 64-Bit Server VM (25.191-b12 mixed mode windows-amd64 compressed oops)
Heap:
 PSYoungGen      total 288256K, used 17130K [0x000000076b580000, 0x0000000784200000, 0x00000007c0000000)
  eden space 262144K, 0% used [0x000000076b580000,0x000000076b580000,0x000000077b580000)
  from space 26112K, 65% used [0x000000077b580000,0x000000077c63ab50,0x000000077cf00000)
  to   space 26624K, 0% used [0x0000000782800000,0x0000000782800000,0x0000000784200000)
 ParOldGen       total 171008K, used 37645K [0x00000006c2000000, 0x00000006cc700000, 0x000000076b580000)
  object space 171008K, 22% used [0x00000006c2000000,0x00000006c44c3670,0x00000006cc700000)
 Metaspace       used 56436K, capacity 59056K, committed 59096K, reserved 1101824K
  class space    used 7174K, capacity 7613K, committed 7640K, reserved 1048576K
GC Heap History (10 events):
Event: 10.206 GC heap after
Heap after GC invocations=13 (full 2):
 PSYoungGen      total 177152K, used 12258K [0x000000076b580000, 0x0000000779d00000, 0x00000007c0000000)
  eden space 164864K, 0% used [0x000000076b580000,0x000000076b580000,0x0000000775680000)
  from space 12288K, 99% used [0x0000000775680000,0x0000000776278848,0x0000000776280000)
  to   space 14848K, 0% used [0x0000000778e80000,0x0000000778e80000,0x0000000779d00000)
 ParOldGen       total 171008K, used 19575K [0x00000006c2000000, 0x00000006cc700000, 0x000000076b580000)
  object space 171008K, 11% used [0x00000006c2000000,0x00000006c331ddf0,0x00000006cc700000)
 Metaspace       used 49060K, capacity 50908K, committed 51072K, reserved 1093632K
  class space    used 6095K, capacity 6443K, committed 6528K, reserved 1048576K
}
Event: 11.868 GC heap before
{Heap before GC invocations=14 (full 2):
 PSYoungGen      total 177152K, used 177122K [0x000000076b580000, 0x0000000779d00000, 0x00000007c0000000)
  eden space 164864K, 100% used [0x000000076b580000,0x0000000775680000,0x0000000775680000)
  from space 12288K, 99% used [0x0000000775680000,0x0000000776278848,0x0000000776280000)
  to   space 14848K, 0% used [0x0000000778e80000,0x0000000778e80000,0x0000000779d00000)
 ParOldGen       total 171008K, used 19575K [0x00000006c2000000, 0x00000006cc700000, 0x000000076b580000)
  object space 171008K, 11% used [0x00000006c2000000,0x00000006c331ddf0,0x00000006cc700000)
 Metaspace       used 50997K, capacity 53050K, committed 53120K, reserved 1095680K
  class space    used 6350K, capacity 6744K, committed 6784K, reserved 1048576K
Event: 11.896 GC heap after
Heap after GC invocations=14 (full 2):
 PSYoungGen      total 219648K, used 14844K [0x000000076b580000, 0x000000077a400000, 0x00000007c0000000)
  eden space 204800K, 0% used [0x000000076b580000,0x000000076b580000,0x0000000777d80000)
  from space 14848K, 99% used [0x0000000778e80000,0x0000000779cff0d0,0x0000000779d00000)
  to   space 17408K, 0% used [0x0000000777d80000,0x0000000777d80000,0x0000000778e80000)
 ParOldGen       total 171008K, used 22441K [0x00000006c2000000, 0x00000006cc700000, 0x000000076b580000)
  object space 171008K, 13% used [0x00000006c2000000,0x00000006c35ea728,0x00000006cc700000)
 Metaspace       used 50997K, capacity 53050K, committed 53120K, reserved 1095680K
  class space    used 6350K, capacity 6744K, committed 6784K, reserved 1048576K
}
Event: 12.945 GC heap before
{Heap before GC invocations=15 (full 2):
 PSYoungGen      total 219648K, used 219644K [0x000000076b580000, 0x000000077a400000, 0x00000007c0000000)
  eden space 204800K, 100% used [0x000000076b580000,0x0000000777d80000,0x0000000777d80000)
  from space 14848K, 99% used [0x0000000778e80000,0x0000000779cff0d0,0x0000000779d00000)
  to   space 17408K, 0% used [0x0000000777d80000,0x0000000777d80000,0x0000000778e80000)
 ParOldGen       total 171008K, used 22441K [0x00000006c2000000, 0x00000006cc700000, 0x000000076b580000)
  object space 171008K, 13% used [0x00000006c2000000,0x00000006c35ea728,0x00000006cc700000)
 Metaspace       used 52945K, capacity 55422K, committed 55552K, reserved 1097728K
  class space    used 6676K, capacity 7114K, committed 7168K, reserved 1048576K
Event: 12.974 GC heap after
Heap after GC invocations=15 (full 2):
 PSYoungGen      total 222208K, used 17406K [0x000000076b580000, 0x000000077e480000, 0x00000007c0000000)
  eden space 204800K, 0% used [0x000000076b580000,0x000000076b580000,0x0000000777d80000)
  from space 17408K, 99% used [0x0000000777d80000,0x0000000778e7fb20,0x0000000778e80000)
  to   space 22016K, 0% used [0x000000077cf00000,0x000000077cf00000,0x000000077e480000)
 ParOldGen       total 171008K, used 28198K [0x00000006c2000000, 0x00000006cc700000, 0x000000076b580000)
  object space 171008K, 16% used [0x00000006c2000000,0x00000006c3b89828,0x00000006cc700000)
 Metaspace       used 52945K, capacity 55422K, committed 55552K, reserved 1097728K
  class space    used 6676K, capacity 7114K, committed 7168K, reserved 1048576K
}
Event: 13.799 GC heap before
{Heap before GC invocations=16 (full 2):
 PSYoungGen      total 222208K, used 222206K [0x000000076b580000, 0x000000077e480000, 0x00000007c0000000)
  eden space 204800K, 100% used [0x000000076b580000,0x0000000777d80000,0x0000000777d80000)
  from space 17408K, 99% used [0x0000000777d80000,0x0000000778e7fb20,0x0000000778e80000)
  to   space 22016K, 0% used [0x000000077cf00000,0x000000077cf00000,0x000000077e480000)
 ParOldGen       total 171008K, used 28198K [0x00000006c2000000, 0x00000006cc700000, 0x000000076b580000)
  object space 171008K, 16% used [0x00000006c2000000,0x00000006c3b89828,0x00000006cc700000)
 Metaspace       used 53943K, capacity 56618K, committed 56704K, reserved 1099776K
  class space    used 6776K, capacity 7238K, committed 7296K, reserved 1048576K
Event: 13.842 GC heap after
Heap after GC invocations=16 (full 2):
 PSYoungGen      total 284160K, used 22007K [0x000000076b580000, 0x000000077f900000, 0x00000007c0000000)
  eden space 262144K, 0% used [0x000000076b580000,0x000000076b580000,0x000000077b580000)
  from space 22016K, 99% used [0x000000077cf00000,0x000000077e47df58,0x000000077e480000)
  to   space 26112K, 0% used [0x000000077b580000,0x000000077b580000,0x000000077cf00000)
 ParOldGen       total 171008K, used 31529K [0x00000006c2000000, 0x00000006cc700000, 0x000000076b580000)
  object space 171008K, 18% used [0x00000006c2000000,0x00000006c3eca7b8,0x00000006cc700000)
 Metaspace       used 53943K, capacity 56618K, committed 56704K, reserved 1099776K
  class space    used 6776K, capacity 7238K, committed 7296K, reserved 1048576K
}
Event: 15.364 GC heap before
{Heap before GC invocations=17 (full 2):
 PSYoungGen      total 284160K, used 130839K [0x000000076b580000, 0x000000077f900000, 0x00000007c0000000)
  eden space 262144K, 41% used [0x000000076b580000,0x0000000771fc7e18,0x000000077b580000)
  from space 22016K, 99% used [0x000000077cf00000,0x000000077e47df58,0x000000077e480000)
  to   space 26112K, 0% used [0x000000077b580000,0x000000077b580000,0x000000077cf00000)
 ParOldGen       total 171008K, used 31529K [0x00000006c2000000, 0x00000006cc700000, 0x000000076b580000)
  object space 171008K, 18% used [0x00000006c2000000,0x00000006c3eca7b8,0x00000006cc700000)
 Metaspace       used 56436K, capacity 59056K, committed 59096K, reserved 1101824K
  class space    used 7174K, capacity 7613K, committed 7640K, reserved 1048576K
Event: 15.385 GC heap after
Heap after GC invocations=17 (full 2):
 PSYoungGen      total 288256K, used 17130K [0x000000076b580000, 0x0000000784200000, 0x00000007c0000000)
  eden space 262144K, 0% used [0x000000076b580000,0x000000076b580000,0x000000077b580000)
  from space 26112K, 65% used [0x000000077b580000,0x000000077c63ab50,0x000000077cf00000)
  to   space 26624K, 0% used [0x0000000782800000,0x0000000782800000,0x0000000784200000)
 ParOldGen       total 171008K, used 37645K [0x00000006c2000000, 0x00000006cc700000, 0x000000076b580000)
  object space 171008K, 22% used [0x00000006c2000000,0x00000006c44c3670,0x00000006cc700000)
 Metaspace       used 56436K, capacity 59056K, committed 59096K, reserved 1101824K
  class space    used 7174K, capacity 7613K, committed 7640K, reserved 1048576K
}
Event: 15.385 GC heap before
{Heap before GC invocations=18 (full 3):
 PSYoungGen      total 288256K, used 17130K [0x000000076b580000, 0x0000000784200000, 0x00000007c0000000)
  eden space 262144K, 0% used [0x000000076b580000,0x000000076b580000,0x000000077b580000)
  from space 26112K, 65% used [0x000000077b580000,0x000000077c63ab50,0x000000077cf00000)
  to   space 26624K, 0% used [0x0000000782800000,0x0000000782800000,0x0000000784200000)
 ParOldGen       total 171008K, used 37645K [0x00000006c2000000, 0x00000006cc700000, 0x000000076b580000)
  object space 171008K, 22% used [0x00000006c2000000,0x00000006c44c3670,0x00000006cc700000)
 Metaspace       used 56436K, capacity 59056K, committed 59096K, reserved 1101824K
  class space    used 7174K, capacity 7613K, committed 7640K, reserved 1048576K

